c:\local_test\ta\oop\windows\windows\lab2\x64\release\vc141.pdb
c:\local_test\ta\oop\windows\windows\lab2\x64\release\tokenscanner.obj
c:\local_test\ta\oop\windows\windows\lab2\x64\release\strlib.obj
c:\local_test\ta\oop\windows\windows\lab2\x64\release\simpio.obj
c:\local_test\ta\oop\windows\windows\lab2\x64\release\lexicon.obj
c:\local_test\ta\oop\windows\windows\lab2\x64\release\error.obj
c:\local_test\ta\oop\windows\windows\lab2\x64\release\statement.obj
c:\local_test\ta\oop\windows\windows\lab2\x64\release\program.obj
c:\local_test\ta\oop\windows\windows\lab2\x64\release\parser.obj
c:\local_test\ta\oop\windows\windows\lab2\x64\release\exp.obj
c:\local_test\ta\oop\windows\windows\lab2\x64\release\evalstate.obj
c:\local_test\ta\oop\windows\windows\lab2\x64\release\basic.obj
c:\local_test\ta\oop\windows\windows\x64\release\lab2.ipdb
c:\local_test\ta\oop\windows\windows\x64\release\lab2.iobj
c:\local_test\ta\oop\windows\windows\x64\release\lab2.exe
c:\local_test\ta\oop\windows\windows\x64\release\lab2.pdb
c:\local_test\ta\oop\windows\windows\lab2\x64\release\lab2.tlog\cl.command.1.tlog
c:\local_test\ta\oop\windows\windows\lab2\x64\release\lab2.tlog\cl.read.1.tlog
c:\local_test\ta\oop\windows\windows\lab2\x64\release\lab2.tlog\cl.write.1.tlog
c:\local_test\ta\oop\windows\windows\lab2\x64\release\lab2.tlog\lab2.write.1u.tlog
c:\local_test\ta\oop\windows\windows\lab2\x64\release\lab2.tlog\link.command.1.tlog
c:\local_test\ta\oop\windows\windows\lab2\x64\release\lab2.tlog\link.read.1.tlog
c:\local_test\ta\oop\windows\windows\lab2\x64\release\lab2.tlog\link.write.1.tlog
